<?xml version="1.0" encoding="UTF-8"?>
<!-- Generated by org.testng.reporters.JUnitXMLReporter -->
<testsuite hostname="q" ignored="0" name="Default test(failed)" tests="1" failures="1" timestamp="23 Apr 2018 10:52:47 GMT" time="2.059" errors="0">
  <testcase name="init" time="2.018" classname="tests.FbLoginTest">
    <failure type="java.lang.NullPointerException">
      <![CDATA[java.lang.NullPointerException
at org.openqa.selenium.support.pagefactory.internal.LocatingElementHandler.invoke(LocatingElementHandler.java:41)
at com.sun.proxy.$Proxy8.click(Unknown Source)
at pages.FbLoginPage.clickOnLoginButton(FbLoginPage.java:33)
at tests.FbLoginTest.init(FbLoginTest.java:18)
... Removed 29 stack frames]]>
    </failure>
  </testcase> <!-- init -->
</testsuite> <!-- Default test(failed) -->
